2018-08-23 15:27:42.683  INFO I4SC046 --- [           main] c.a.l.Log4j2demoApplication              : Starting Log4j2demoApplication on I4SC046 with PID 15820 (D:\log4j2\log4j2demo\target\classes started by ananth.h in D:\log4j2\log4j2demo)
2018-08-23 15:27:42.694  INFO I4SC046 --- [           main] c.a.l.Log4j2demoApplication              : No active profile set, falling back to default profiles: default
2018-08-23 15:27:42.812  INFO I4SC046 --- [           main] ConfigServletWebServerApplicationContext : Refreshing org.springframework.boot.web.servlet.context.AnnotationConfigServletWebServerApplicationContext@7f6f61c8: startup date [Thu Aug 23 15:27:42 IST 2018]; root of context hierarchy
2018-08-23 15:27:45.533  INFO I4SC046 --- [           main] o.s.b.w.e.t.TomcatWebServer              : Tomcat initialized with port(s): 8080 (http)
2018-08-23 15:27:45.580  INFO I4SC046 --- [           main] o.a.c.h.Http11NioProtocol                : Initializing ProtocolHandler ["http-nio-8080"]
2018-08-23 15:27:45.597  INFO I4SC046 --- [           main] o.a.c.c.StandardService                  : Starting service [Tomcat]
2018-08-23 15:27:45.598  INFO I4SC046 --- [           main] o.a.c.c.StandardEngine                   : Starting Servlet Engine: Apache Tomcat/8.5.32
2018-08-23 15:27:45.632  INFO I4SC046 --- [ost-startStop-1] o.a.c.c.AprLifecycleListener             : The APR based Apache Tomcat Native library which allows optimal performance in production environments was not found on the java.library.path: [C:\Program Files\Java\jdk1.8.0_172\bin;C:\WINDOWS\Sun\Java\bin;C:\WINDOWS\system32;C:\WINDOWS;C:\Program Files (x86)\Common Files\Oracle\Java\javapath;C:\WINDOWS\system32;C:\WINDOWS;C:\WINDOWS\System32\Wbem;C:\WINDOWS\System32\WindowsPowerShell\v1.0\;C:\WINDOWS\System32\OpenSSH\;C:\Java\jdk1.8.0_172\bin;C:\Program Files\Apache\maven\bin;c:\cygwin64\bin;C:\Program Files\nodejs\;C:\Program Files\PuTTY\;C:\Users\ananth.h\AppData\Local\Microsoft\WindowsApps;C:\Program Files\Microsoft VS Code\bin;C:\Java\jdk1.8.0_172\bin;C:\hadoop-2.7.6\bin;C:\hadoop-2.7.6\sbin;C:\Users\ananth.h\AppData\Roaming\npm;.]
2018-08-23 15:27:45.825  INFO I4SC046 --- [ost-startStop-1] o.a.c.c.C.[.[.[/]                        : Initializing Spring embedded WebApplicationContext
2018-08-23 15:27:45.826  INFO I4SC046 --- [ost-startStop-1] o.s.w.c.ContextLoader                    : Root WebApplicationContext: initialization completed in 3020 ms
2018-08-23 15:27:45.935  INFO I4SC046 --- [ost-startStop-1] o.s.b.w.s.ServletRegistrationBean        : Servlet dispatcherServlet mapped to [/]
2018-08-23 15:27:45.941  INFO I4SC046 --- [ost-startStop-1] o.s.b.w.s.FilterRegistrationBean         : Mapping filter: 'characterEncodingFilter' to: [/*]
2018-08-23 15:27:45.942  INFO I4SC046 --- [ost-startStop-1] o.s.b.w.s.FilterRegistrationBean         : Mapping filter: 'hiddenHttpMethodFilter' to: [/*]
2018-08-23 15:27:45.942  INFO I4SC046 --- [ost-startStop-1] o.s.b.w.s.FilterRegistrationBean         : Mapping filter: 'httpPutFormContentFilter' to: [/*]
2018-08-23 15:27:45.942  INFO I4SC046 --- [ost-startStop-1] o.s.b.w.s.FilterRegistrationBean         : Mapping filter: 'requestContextFilter' to: [/*]
2018-08-23 15:27:46.138  INFO I4SC046 --- [           main] o.s.w.s.h.SimpleUrlHandlerMapping        : Mapped URL path [/**/favicon.ico] onto handler of type [class org.springframework.web.servlet.resource.ResourceHttpRequestHandler]
2018-08-23 15:27:46.569  INFO I4SC046 --- [           main] s.w.s.m.m.a.RequestMappingHandlerAdapter : Looking for @ControllerAdvice: org.springframework.boot.web.servlet.context.AnnotationConfigServletWebServerApplicationContext@7f6f61c8: startup date [Thu Aug 23 15:27:42 IST 2018]; root of context hierarchy
2018-08-23 15:27:46.714  INFO I4SC046 --- [           main] s.w.s.m.m.a.RequestMappingHandlerMapping : Mapped "{[/]}" onto java.lang.String com.ananth.log4j2demo.Controller.hello()
2018-08-23 15:27:46.719  INFO I4SC046 --- [           main] s.w.s.m.m.a.RequestMappingHandlerMapping : Mapped "{[/error]}" onto public org.springframework.http.ResponseEntity<java.util.Map<java.lang.String, java.lang.Object>> org.springframework.boot.autoconfigure.web.servlet.error.BasicErrorController.error(javax.servlet.http.HttpServletRequest)
2018-08-23 15:27:46.721  INFO I4SC046 --- [           main] s.w.s.m.m.a.RequestMappingHandlerMapping : Mapped "{[/error],produces=[text/html]}" onto public org.springframework.web.servlet.ModelAndView org.springframework.boot.autoconfigure.web.servlet.error.BasicErrorController.errorHtml(javax.servlet.http.HttpServletRequest,javax.servlet.http.HttpServletResponse)
2018-08-23 15:27:46.765  INFO I4SC046 --- [           main] o.s.w.s.h.SimpleUrlHandlerMapping        : Mapped URL path [/webjars/**] onto handler of type [class org.springframework.web.servlet.resource.ResourceHttpRequestHandler]
2018-08-23 15:27:46.765  INFO I4SC046 --- [           main] o.s.w.s.h.SimpleUrlHandlerMapping        : Mapped URL path [/**] onto handler of type [class org.springframework.web.servlet.resource.ResourceHttpRequestHandler]
2018-08-23 15:27:47.045  INFO I4SC046 --- [           main] o.s.j.e.a.AnnotationMBeanExporter        : Registering beans for JMX exposure on startup
2018-08-23 15:27:47.070  INFO I4SC046 --- [           main] o.a.c.h.Http11NioProtocol                : Starting ProtocolHandler ["http-nio-8080"]
2018-08-23 15:27:47.096  INFO I4SC046 --- [           main] o.a.t.u.n.NioSelectorPool                : Using a shared selector for servlet write/read
2018-08-23 15:27:47.133  INFO I4SC046 --- [           main] o.s.b.w.e.t.TomcatWebServer              : Tomcat started on port(s): 8080 (http) with context path ''
2018-08-23 15:27:47.139  INFO I4SC046 --- [           main] c.a.l.Log4j2demoApplication              : Started Log4j2demoApplication in 5.249 seconds (JVM running for 7.39)
2018-08-23 15:27:53.401  INFO I4SC046 --- [nio-8080-exec-4] o.a.c.c.C.[.[.[/]                        : Initializing Spring FrameworkServlet 'dispatcherServlet'
2018-08-23 15:27:53.401  INFO I4SC046 --- [nio-8080-exec-4] o.s.w.s.DispatcherServlet                : FrameworkServlet 'dispatcherServlet': initialization started
2018-08-23 15:27:53.425  INFO I4SC046 --- [nio-8080-exec-4] o.s.w.s.DispatcherServlet                : FrameworkServlet 'dispatcherServlet': initialization completed in 24 ms
2018-08-23 15:28:01.037  INFO I4SC046 --- [nio-8080-exec-4] c.a.l.Controller                         : Info message
2018-08-23 15:28:01.038  WARN I4SC046 --- [nio-8080-exec-4] c.a.l.Controller                         : Warn message
2018-08-23 15:28:01.038 ERROR I4SC046 --- [nio-8080-exec-4] c.a.l.Controller                         : Error message
2018-08-23 15:28:11.249  INFO I4SC046 --- [           main] c.a.l.Log4j2demoApplication              : Starting Log4j2demoApplication on I4SC046 with PID 5608 (D:\log4j2\log4j2demo\target\classes started by ananth.h in D:\log4j2\log4j2demo)
2018-08-23 15:28:11.269  INFO I4SC046 --- [           main] c.a.l.Log4j2demoApplication              : No active profile set, falling back to default profiles: default
2018-08-23 15:28:11.396  INFO I4SC046 --- [           main] ConfigServletWebServerApplicationContext : Refreshing org.springframework.boot.web.servlet.context.AnnotationConfigServletWebServerApplicationContext@510f3d34: startup date [Thu Aug 23 15:28:11 IST 2018]; root of context hierarchy
2018-08-23 15:28:14.048  INFO I4SC046 --- [           main] o.s.b.w.e.t.TomcatWebServer              : Tomcat initialized with port(s): 8080 (http)
2018-08-23 15:28:14.079  INFO I4SC046 --- [           main] o.a.c.h.Http11NioProtocol                : Initializing ProtocolHandler ["http-nio-8080"]
2018-08-23 15:28:14.094  INFO I4SC046 --- [           main] o.a.c.c.StandardService                  : Starting service [Tomcat]
2018-08-23 15:28:14.095  INFO I4SC046 --- [           main] o.a.c.c.StandardEngine                   : Starting Servlet Engine: Apache Tomcat/8.5.32
2018-08-23 15:28:14.107  INFO I4SC046 --- [ost-startStop-1] o.a.c.c.AprLifecycleListener             : The APR based Apache Tomcat Native library which allows optimal performance in production environments was not found on the java.library.path: [C:\Program Files\Java\jdk1.8.0_172\bin;C:\WINDOWS\Sun\Java\bin;C:\WINDOWS\system32;C:\WINDOWS;C:\Program Files (x86)\Common Files\Oracle\Java\javapath;C:\WINDOWS\system32;C:\WINDOWS;C:\WINDOWS\System32\Wbem;C:\WINDOWS\System32\WindowsPowerShell\v1.0\;C:\WINDOWS\System32\OpenSSH\;C:\Java\jdk1.8.0_172\bin;C:\Program Files\Apache\maven\bin;c:\cygwin64\bin;C:\Program Files\nodejs\;C:\Program Files\PuTTY\;C:\Users\ananth.h\AppData\Local\Microsoft\WindowsApps;C:\Program Files\Microsoft VS Code\bin;C:\Java\jdk1.8.0_172\bin;C:\hadoop-2.7.6\bin;C:\hadoop-2.7.6\sbin;C:\Users\ananth.h\AppData\Roaming\npm;.]
2018-08-23 15:28:14.333  INFO I4SC046 --- [ost-startStop-1] o.a.c.c.C.[.[.[/]                        : Initializing Spring embedded WebApplicationContext
2018-08-23 15:28:14.334  INFO I4SC046 --- [ost-startStop-1] o.s.w.c.ContextLoader                    : Root WebApplicationContext: initialization completed in 2944 ms
2018-08-23 15:28:14.460  INFO I4SC046 --- [ost-startStop-1] o.s.b.w.s.ServletRegistrationBean        : Servlet dispatcherServlet mapped to [/]
2018-08-23 15:28:14.466  INFO I4SC046 --- [ost-startStop-1] o.s.b.w.s.FilterRegistrationBean         : Mapping filter: 'characterEncodingFilter' to: [/*]
2018-08-23 15:28:14.466  INFO I4SC046 --- [ost-startStop-1] o.s.b.w.s.FilterRegistrationBean         : Mapping filter: 'hiddenHttpMethodFilter' to: [/*]
2018-08-23 15:28:14.467  INFO I4SC046 --- [ost-startStop-1] o.s.b.w.s.FilterRegistrationBean         : Mapping filter: 'httpPutFormContentFilter' to: [/*]
2018-08-23 15:28:14.467  INFO I4SC046 --- [ost-startStop-1] o.s.b.w.s.FilterRegistrationBean         : Mapping filter: 'requestContextFilter' to: [/*]
2018-08-23 15:28:14.656  INFO I4SC046 --- [           main] o.s.w.s.h.SimpleUrlHandlerMapping        : Mapped URL path [/**/favicon.ico] onto handler of type [class org.springframework.web.servlet.resource.ResourceHttpRequestHandler]
2018-08-23 15:28:14.956  INFO I4SC046 --- [           main] s.w.s.m.m.a.RequestMappingHandlerAdapter : Looking for @ControllerAdvice: org.springframework.boot.web.servlet.context.AnnotationConfigServletWebServerApplicationContext@510f3d34: startup date [Thu Aug 23 15:28:11 IST 2018]; root of context hierarchy
2018-08-23 15:28:15.189  INFO I4SC046 --- [           main] s.w.s.m.m.a.RequestMappingHandlerMapping : Mapped "{[/]}" onto java.lang.String com.ananth.log4j2demo.Controller.hello()
2018-08-23 15:28:15.197  INFO I4SC046 --- [           main] s.w.s.m.m.a.RequestMappingHandlerMapping : Mapped "{[/error]}" onto public org.springframework.http.ResponseEntity<java.util.Map<java.lang.String, java.lang.Object>> org.springframework.boot.autoconfigure.web.servlet.error.BasicErrorController.error(javax.servlet.http.HttpServletRequest)
2018-08-23 15:28:15.198  INFO I4SC046 --- [           main] s.w.s.m.m.a.RequestMappingHandlerMapping : Mapped "{[/error],produces=[text/html]}" onto public org.springframework.web.servlet.ModelAndView org.springframework.boot.autoconfigure.web.servlet.error.BasicErrorController.errorHtml(javax.servlet.http.HttpServletRequest,javax.servlet.http.HttpServletResponse)
2018-08-23 15:28:15.277  INFO I4SC046 --- [           main] o.s.w.s.h.SimpleUrlHandlerMapping        : Mapped URL path [/webjars/**] onto handler of type [class org.springframework.web.servlet.resource.ResourceHttpRequestHandler]
2018-08-23 15:28:15.279  INFO I4SC046 --- [           main] o.s.w.s.h.SimpleUrlHandlerMapping        : Mapped URL path [/**] onto handler of type [class org.springframework.web.servlet.resource.ResourceHttpRequestHandler]
2018-08-23 15:28:15.833  INFO I4SC046 --- [           main] o.s.j.e.a.AnnotationMBeanExporter        : Registering beans for JMX exposure on startup
2018-08-23 15:28:15.901  INFO I4SC046 --- [           main] o.a.c.h.Http11NioProtocol                : Starting ProtocolHandler ["http-nio-8080"]
2018-08-23 15:28:15.961  INFO I4SC046 --- [           main] o.a.t.u.n.NioSelectorPool                : Using a shared selector for servlet write/read
2018-08-23 15:28:16.045  INFO I4SC046 --- [           main] o.s.b.w.e.t.TomcatWebServer              : Tomcat started on port(s): 8080 (http) with context path ''
2018-08-23 15:28:16.053  INFO I4SC046 --- [           main] c.a.l.Log4j2demoApplication              : Started Log4j2demoApplication in 5.44 seconds (JVM running for 7.156)
2018-08-23 15:29:01.238  INFO I4SC046 --- [           main] c.a.l.Log4j2demoApplication              : Starting Log4j2demoApplication on I4SC046 with PID 4120 (D:\log4j2\log4j2demo\target\classes started by ananth.h in D:\log4j2\log4j2demo)
2018-08-23 15:29:01.275  INFO I4SC046 --- [           main] c.a.l.Log4j2demoApplication              : No active profile set, falling back to default profiles: default
2018-08-23 15:29:01.367  INFO I4SC046 --- [           main] ConfigServletWebServerApplicationContext : Refreshing org.springframework.boot.web.servlet.context.AnnotationConfigServletWebServerApplicationContext@70325e14: startup date [Thu Aug 23 15:29:01 IST 2018]; root of context hierarchy
